<?xml version="1.0" encoding="UTF-8"?>
<testsuite name="CuisineTest" tests="8" skipped="0" failures="0" errors="0" timestamp="2016-05-04T20:40:23" hostname="epicodus-59.local" time="0.186">
  <properties/>
  <testcase name="equals_returnsTrueIfNamesAretheSame" classname="CuisineTest" time="0.077"/>
  <testcase name="Cuisine_instantiatesCorrectly_true" classname="CuisineTest" time="0.005"/>
  <testcase name="all_emptyAtFirst" classname="CuisineTest" time="0.029"/>
  <testcase name="getName_cuisineInstantiatesWithName_String" classname="CuisineTest" time="0.005"/>
  <testcase name="find_findCuisineInDatabase_true" classname="CuisineTest" time="0.017"/>
  <testcase name="save_savesIntoDatabase_true" classname="CuisineTest" time="0.013"/>
  <testcase name="save_assignsIdToObject" classname="CuisineTest" time="0.015"/>
  <testcase name="getRestaurant_retrievesAllRestaurantsFromDatabase_restaurantsList" classname="CuisineTest" time="0.024"/>
  <system-out><![CDATA[]]></system-out>
  <system-err><![CDATA[]]></system-err>
</testsuite>
