<?xml version="1.0" encoding="UTF-8"?>
<testsuite name="ReviewTest" tests="9" skipped="0" failures="0" errors="0" timestamp="2016-05-05T21:39:39" hostname="epicodus-60.local" time="0.113">
  <properties/>
  <testcase name="getEntry_restaurantInstantiatesWithTitle_String" classname="ReviewTest" time="0.005"/>
  <testcase name="delete_deletesReview_true" classname="ReviewTest" time="0.019"/>
  <testcase name="equals_returnsTrueIfEntriesAretheSame" classname="ReviewTest" time="0.005"/>
  <testcase name="all_emptyAtFirst" classname="ReviewTest" time="0.008"/>
  <testcase name="update_updatesReviewEntry_true" classname="ReviewTest" time="0.02"/>
  <testcase name="Review_instantiatesCorrectly_true" classname="ReviewTest" time="0.004"/>
  <testcase name="save_savesRestaurantIdIntoDB_true" classname="ReviewTest" time="0.019"/>
  <testcase name="save_assignsIdToObject" classname="ReviewTest" time="0.014"/>
  <testcase name="find_findsReviewInDatabase_true" classname="ReviewTest" time="0.015"/>
  <system-out><![CDATA[]]></system-out>
  <system-err><![CDATA[]]></system-err>
</testsuite>
