<?xml version="1.0" encoding="UTF-8"?>
<testsuite name="CuisineTest" tests="8" skipped="0" failures="0" errors="0" timestamp="2016-05-04T22:39:53" hostname="epicodus-59.local" time="0.085">
  <properties/>
  <testcase name="equals_returnsTrueIfNamesAretheSame" classname="CuisineTest" time="0.004"/>
  <testcase name="Cuisine_instantiatesCorrectly_true" classname="CuisineTest" time="0.005"/>
  <testcase name="all_emptyAtFirst" classname="CuisineTest" time="0.008"/>
  <testcase name="getName_cuisineInstantiatesWithName_String" classname="CuisineTest" time="0.004"/>
  <testcase name="find_findCuisineInDatabase_true" classname="CuisineTest" time="0.012"/>
  <testcase name="getRestaurants_retrievesAllRestaurantsFromDatabase_restaurantsList" classname="CuisineTest" time="0.021"/>
  <testcase name="save_savesIntoDatabase_true" classname="CuisineTest" time="0.014"/>
  <testcase name="save_assignsIdToObject" classname="CuisineTest" time="0.014"/>
  <system-out><![CDATA[]]></system-out>
  <system-err><![CDATA[]]></system-err>
</testsuite>
