<?xml version="1.0" encoding="UTF-8"?>
<testsuite name="RestaurantTest" tests="9" skipped="0" failures="0" errors="0" timestamp="2016-05-04T21:26:23" hostname="epicodus-59.local" time="0.093">
  <properties/>
  <testcase name="save_savesCuisineIdIntoDB_true" classname="RestaurantTest" time="0.016"/>
  <testcase name="all_emptyAtFirst" classname="RestaurantTest" time="0.008"/>
  <testcase name="delete_deletesRestaurant_true" classname="RestaurantTest" time="0.016"/>
  <testcase name="update_updatesRestaurantTitle_true" classname="RestaurantTest" time="0.017"/>
  <testcase name="equals_returnsTrueIfTitlesAretheSame" classname="RestaurantTest" time="0.003"/>
  <testcase name="find_findsRestaurantInDatabase_true" classname="RestaurantTest" time="0.011"/>
  <testcase name="save_assignsIdToObject" classname="RestaurantTest" time="0.012"/>
  <testcase name="getTitle_restaurantInstantiatesWithTitle_String" classname="RestaurantTest" time="0.004"/>
  <testcase name="Restaurant_instantiatesCorrectly_true" classname="RestaurantTest" time="0.004"/>
  <system-out><![CDATA[]]></system-out>
  <system-err><![CDATA[]]></system-err>
</testsuite>
